12:18:38.512 [main] INFO  dat.config.ApplicationConfig - Server started on port: 7071
12:18:39.714 [JettyServerThreadPool-23] INFO  dat.config.ApplicationConfig - Request #1 - GET /api/ handled with status 404 Not Found
12:18:39.716 [JettyServerThreadPool-23] INFO  dat.config.ApplicationConfig - Request #2 - GET /api/ handled with status 404 Not Found
12:18:43.117 [JettyServerThreadPool-29] INFO  dat.config.ApplicationConfig - Request #3 - GET /api/routes handled with status 200 OK
12:18:43.117 [JettyServerThreadPool-29] INFO  dat.config.ApplicationConfig - Request #4 - GET /api/routes handled with status 200 OK
12:18:49.475 [JettyServerThreadPool-35] INFO  dat.config.ApplicationConfig - Request #5 - GET /api/trips/packing-items handled with status 200 OK
12:18:49.475 [JettyServerThreadPool-35] INFO  dat.config.ApplicationConfig - Request #6 - GET /api/trips/packing-items handled with status 200 OK
12:19:27.143 [main] INFO  dat.config.ApplicationConfig - Server started on port: 7071
12:19:47.770 [JettyServerThreadPool-34] INFO  dat.config.ApplicationConfig - Request #1 - GET /api/trips/packing-items handled with status 200 OK
12:19:47.770 [JettyServerThreadPool-34] INFO  dat.config.ApplicationConfig - Request #2 - GET /api/trips/packing-items handled with status 200 OK
12:19:54.548 [JettyServerThreadPool-23] INFO  dat.config.ApplicationConfig - Request #3 - GET /api/routes handled with status 200 OK
12:19:54.549 [JettyServerThreadPool-23] INFO  dat.config.ApplicationConfig - Request #4 - GET /api/routes handled with status 200 OK
12:19:59.440 [JettyServerThreadPool-29] INFO  dat.config.ApplicationConfig - Request #5 - GET /api/trips handled with status 401 Unauthorized
12:19:59.441 [JettyServerThreadPool-29] INFO  dat.config.ApplicationConfig - Request #6 - GET /api/trips handled with status 401 Unauthorized
12:20:13.113 [main] INFO  dat.config.ApplicationConfig - Server started on port: 7071
12:20:15.833 [JettyServerThreadPool-34] INFO  dat.config.ApplicationConfig - Request #1 - GET /api/routes handled with status 200 OK
12:20:15.834 [JettyServerThreadPool-34] INFO  dat.config.ApplicationConfig - Request #2 - GET /api/routes handled with status 200 OK
12:20:23.577 [JettyServerThreadPool-23] INFO  dat.config.ApplicationConfig - Request #3 - GET /api/trips/packing-items handled with status 200 OK
12:20:23.578 [JettyServerThreadPool-23] INFO  dat.config.ApplicationConfig - Request #4 - GET /api/trips/packing-items handled with status 200 OK
12:22:07.852 [main] INFO  dat.config.ApplicationConfig - Server started on port: 7071
12:22:14.865 [JettyServerThreadPool-34] INFO  dat.config.ApplicationConfig - Request #1 - GET /api/trips/packing-items handled with status 200 OK
12:22:14.866 [JettyServerThreadPool-34] INFO  dat.config.ApplicationConfig - Request #2 - GET /api/trips/packing-items handled with status 200 OK
12:22:18.323 [JettyServerThreadPool-23] INFO  dat.config.ApplicationConfig - Request #3 - GET /api/trips/routes handled with status 200 OK
12:22:18.324 [JettyServerThreadPool-23] INFO  dat.config.ApplicationConfig - Request #4 - GET /api/trips/routes handled with status 200 OK
12:22:21.925 [JettyServerThreadPool-29] INFO  dat.config.ApplicationConfig - Request #5 - GET /api/routes handled with status 200 OK
12:22:21.925 [JettyServerThreadPool-29] INFO  dat.config.ApplicationConfig - Request #6 - GET /api/routes handled with status 200 OK
12:22:48.033 [main] INFO  dat.config.ApplicationConfig - Server started on port: 7071
12:22:59.227 [JettyServerThreadPool-34] INFO  dat.config.ApplicationConfig - Request #1 - GET /api/trips/packing-items handled with status 200 OK
12:22:59.228 [JettyServerThreadPool-34] INFO  dat.config.ApplicationConfig - Request #2 - GET /api/trips/packing-items handled with status 200 OK
12:24:52.072 [main] INFO  dat.config.ApplicationConfig - Server started on port: 7071
12:24:57.417 [JettyServerThreadPool-34] INFO  dat.config.ApplicationConfig - Request #1 - GET /api/trips/packing-items handled with status 200 OK
12:24:57.418 [JettyServerThreadPool-34] INFO  dat.config.ApplicationConfig - Request #2 - GET /api/trips/packing-items handled with status 200 OK
12:25:00.271 [JettyServerThreadPool-23] INFO  dat.config.ApplicationConfig - Request #3 - GET /api/trips handled with status 401 Unauthorized
12:25:00.272 [JettyServerThreadPool-23] INFO  dat.config.ApplicationConfig - Request #4 - GET /api/trips handled with status 401 Unauthorized
12:25:02.341 [JettyServerThreadPool-29] INFO  dat.config.ApplicationConfig - Request #5 - GET /api/routes handled with status 200 OK
12:25:02.342 [JettyServerThreadPool-29] INFO  dat.config.ApplicationConfig - Request #6 - GET /api/routes handled with status 200 OK
12:26:16.981 [JettyServerThreadPool-29] INFO  dat.config.ApplicationConfig - Request #7 - GET /api/trips/packing-items handled with status 200 OK
12:26:16.981 [JettyServerThreadPool-29] INFO  dat.config.ApplicationConfig - Request #8 - GET /api/trips/packing-items handled with status 200 OK
12:29:13.164 [JettyServerThreadPool-24] INFO  dat.config.ApplicationConfig - Request #9 - GET /api/trips/packing-items handled with status 200 OK
12:29:13.165 [JettyServerThreadPool-24] INFO  dat.config.ApplicationConfig - Request #10 - GET /api/trips/packing-items handled with status 200 OK
12:34:03.407 [main] INFO  dat.config.ApplicationConfig - Server started on port: 7071
12:34:07.633 [JettyServerThreadPool-34] INFO  dat.config.ApplicationConfig - Request #1 - GET /api/trips/packing-items handled with status 200 OK
12:34:07.634 [JettyServerThreadPool-34] INFO  dat.config.ApplicationConfig - Request #2 - GET /api/trips/packing-items handled with status 200 OK
12:40:08.913 [main] INFO  dat.config.ApplicationConfig - Server started on port: 7071
12:40:11.402 [JettyServerThreadPool-34] INFO  dat.config.ApplicationConfig - Request #1 - GET /api/trips/packing-items handled with status 200 OK
12:40:11.402 [JettyServerThreadPool-34] INFO  dat.config.ApplicationConfig - Request #2 - GET /api/trips/packing-items handled with status 200 OK
12:40:43.070 [main] INFO  dat.config.ApplicationConfig - Server started on port: 7071
12:40:44.350 [JettyServerThreadPool-34] INFO  dat.config.ApplicationConfig - Request #1 - GET /api/trips/packing-items handled with status 200 OK
12:40:44.351 [JettyServerThreadPool-34] INFO  dat.config.ApplicationConfig - Request #2 - GET /api/trips/packing-items handled with status 200 OK
12:43:21.203 [main] INFO  dat.config.ApplicationConfig - Server started on port: 7071
12:43:22.240 [JettyServerThreadPool-34] INFO  dat.config.ApplicationConfig - Request #1 - GET /api/routes handled with status 200 OK
12:43:22.241 [JettyServerThreadPool-34] INFO  dat.config.ApplicationConfig - Request #2 - GET /api/routes handled with status 200 OK
12:48:28.474 [main] INFO  dat.config.ApplicationConfig - Server started on port: 7071
12:48:56.683 [main] INFO  dat.config.ApplicationConfig - Server started on port: 7071
12:49:00.174 [JettyServerThreadPool-34] INFO  dat.config.ApplicationConfig - Request #1 - GET /api/routes handled with status 200 OK
12:49:00.174 [JettyServerThreadPool-34] INFO  dat.config.ApplicationConfig - Request #2 - GET /api/routes handled with status 200 OK
12:49:05.828 [JettyServerThreadPool-23] INFO  dat.config.ApplicationConfig - Request #3 - GET /api/trips/packing-category handled with status 200 OK
12:49:05.828 [JettyServerThreadPool-23] INFO  dat.config.ApplicationConfig - Request #4 - GET /api/trips/packing-category handled with status 200 OK
12:51:16.895 [main] INFO  dat.config.ApplicationConfig - Server started on port: 7071
12:51:26.968 [JettyServerThreadPool-34] INFO  dat.config.ApplicationConfig - Request #1 - GET /api/trips/packing-category handled with status 200 OK
12:51:26.969 [JettyServerThreadPool-34] INFO  dat.config.ApplicationConfig - Request #2 - GET /api/trips/packing-category handled with status 200 OK
12:51:52.938 [main] INFO  dat.config.ApplicationConfig - Server started on port: 7071
12:51:54.857 [JettyServerThreadPool-34] INFO  dat.config.ApplicationConfig - Request #1 - GET /api/trips/packing-category handled with status 200 OK
12:51:54.858 [JettyServerThreadPool-34] INFO  dat.config.ApplicationConfig - Request #2 - GET /api/trips/packing-category handled with status 200 OK
12:56:30.012 [main] INFO  dat.config.ApplicationConfig - Server started on port: 7071
12:56:33.745 [JettyServerThreadPool-34] INFO  dat.config.ApplicationConfig - Request #1 - GET /api/trips/packing-category handled with status 200 OK
12:56:33.746 [JettyServerThreadPool-34] INFO  dat.config.ApplicationConfig - Request #2 - GET /api/trips/packing-category handled with status 200 OK
12:57:47.787 [main] INFO  dat.config.ApplicationConfig - Server started on port: 7071
12:57:52.784 [JettyServerThreadPool-34] INFO  dat.config.ApplicationConfig - Request #1 - GET /api/trips/packing handled with status 200 OK
12:57:52.785 [JettyServerThreadPool-34] INFO  dat.config.ApplicationConfig - Request #2 - GET /api/trips/packing handled with status 200 OK
12:57:56.242 [JettyServerThreadPool-23] INFO  dat.config.ApplicationConfig - Request #3 - GET /api/trips/routes handled with status 200 OK
12:57:56.242 [JettyServerThreadPool-23] INFO  dat.config.ApplicationConfig - Request #4 - GET /api/trips/routes handled with status 200 OK
12:58:01.323 [JettyServerThreadPool-29] INFO  dat.config.ApplicationConfig - Request #5 - GET /api/routes handled with status 200 OK
12:58:01.324 [JettyServerThreadPool-29] INFO  dat.config.ApplicationConfig - Request #6 - GET /api/routes handled with status 200 OK
12:58:13.553 [JettyServerThreadPool-34] INFO  dat.config.ApplicationConfig - Request #7 - GET /api/trips/packing handled with status 200 OK
12:58:13.553 [JettyServerThreadPool-34] INFO  dat.config.ApplicationConfig - Request #8 - GET /api/trips/packing handled with status 200 OK
13:01:32.906 [main] INFO  dat.config.ApplicationConfig - Server started on port: 7071
13:01:38.891 [JettyServerThreadPool-34] INFO  dat.config.ApplicationConfig - Request #1 - GET /api/trips/packing handled with status 200 OK
13:01:38.892 [JettyServerThreadPool-34] INFO  dat.config.ApplicationConfig - Request #2 - GET /api/trips/packing handled with status 200 OK
13:06:53.318 [main] INFO  dat.config.ApplicationConfig - Server started on port: 7071
13:06:55.960 [JettyServerThreadPool-23] INFO  dat.config.ApplicationConfig - Request #1 - GET /api/ handled with status 404 Not Found
13:06:55.961 [JettyServerThreadPool-23] INFO  dat.config.ApplicationConfig - Request #2 - GET /api/ handled with status 404 Not Found
13:06:58.419 [JettyServerThreadPool-29] INFO  dat.config.ApplicationConfig - Request #3 - GET /api/routes handled with status 200 OK
13:06:58.419 [JettyServerThreadPool-29] INFO  dat.config.ApplicationConfig - Request #4 - GET /api/routes handled with status 200 OK
13:07:19.939 [JettyServerThreadPool-34] INFO  dat.config.ApplicationConfig - Request #5 - GET /api/trips/packinglist/lake handled with status 200 OK
13:07:19.939 [JettyServerThreadPool-34] INFO  dat.config.ApplicationConfig - Request #6 - GET /api/trips/packinglist/lake handled with status 200 OK
13:07:25.198 [JettyServerThreadPool-29] INFO  dat.config.ApplicationConfig - Request #7 - GET /api/trips/packinglist/beach handled with status 200 OK
13:07:25.198 [JettyServerThreadPool-29] INFO  dat.config.ApplicationConfig - Request #8 - GET /api/trips/packinglist/beach handled with status 200 OK
13:08:02.336 [JettyServerThreadPool-24] INFO  dat.config.ApplicationConfig - Request #9 - GET /api/trips/packinglist/lake handled with status 200 OK
13:08:02.336 [JettyServerThreadPool-24] INFO  dat.config.ApplicationConfig - Request #10 - GET /api/trips/packinglist/lake handled with status 200 OK
13:10:55.963 [main] INFO  dat.config.ApplicationConfig - Server started on port: 7071
13:11:12.452 [JettyServerThreadPool-34] INFO  dat.config.ApplicationConfig - Request #1 - POST /api/trips/populate handled with status 200 OK
13:11:12.453 [JettyServerThreadPool-34] INFO  dat.config.ApplicationConfig - Request #2 - POST /api/trips/populate handled with status 200 OK
13:11:16.014 [JettyServerThreadPool-24] INFO  dat.config.ApplicationConfig - Request #3 - GET /api/trips handled with status 401 Unauthorized
13:11:16.015 [JettyServerThreadPool-24] INFO  dat.config.ApplicationConfig - Request #4 - GET /api/trips handled with status 401 Unauthorized
13:11:21.686 [JettyServerThreadPool-25] ERROR dat.controllers.ExceptionController - null 200 User with username: user already exists
13:11:21.815 [JettyServerThreadPool-25] INFO  dat.config.ApplicationConfig - Request #5 - POST /api/auth/register/ handled with status 500 Server Error
13:11:21.815 [JettyServerThreadPool-25] INFO  dat.config.ApplicationConfig - Request #6 - POST /api/auth/register/ handled with status 500 Server Error
13:11:31.174 [JettyServerThreadPool-26] ERROR dat.controllers.ExceptionController - null 200 User with username: user already exists
13:11:31.175 [JettyServerThreadPool-26] INFO  dat.config.ApplicationConfig - Request #7 - POST /api/auth/register/ handled with status 500 Server Error
13:11:31.175 [JettyServerThreadPool-26] INFO  dat.config.ApplicationConfig - Request #8 - POST /api/auth/register/ handled with status 500 Server Error
13:11:39.720 [main] INFO  dat.config.ApplicationConfig - Server started on port: 7071
13:11:43.972 [JettyServerThreadPool-34] ERROR dat.controllers.ExceptionController - null 200 User with username: user already exists
13:11:44.103 [JettyServerThreadPool-34] INFO  dat.config.ApplicationConfig - Request #1 - POST /api/auth/register/ handled with status 500 Server Error
13:11:44.104 [JettyServerThreadPool-34] INFO  dat.config.ApplicationConfig - Request #2 - POST /api/auth/register/ handled with status 500 Server Error
13:11:55.308 [JettyServerThreadPool-24] INFO  dat.config.ApplicationConfig - Request #3 - GET /api/routes handled with status 200 OK
13:11:55.308 [JettyServerThreadPool-24] INFO  dat.config.ApplicationConfig - Request #4 - GET /api/routes handled with status 200 OK
13:12:21.204 [JettyServerThreadPool-25] ERROR dat.controllers.ExceptionController - null 200 User with username: user already exists
13:12:21.205 [JettyServerThreadPool-25] INFO  dat.config.ApplicationConfig - Request #5 - POST /api/auth/register/ handled with status 500 Server Error
13:12:21.205 [JettyServerThreadPool-25] INFO  dat.config.ApplicationConfig - Request #6 - POST /api/auth/register/ handled with status 500 Server Error
13:15:44.529 [main] INFO  dat.config.ApplicationConfig - Server started on port: 7071
13:15:45.270 [JettyServerThreadPool-34] INFO  dat.config.ApplicationConfig - Request #1 - POST /api/auth/login/ handled with status 200 OK
13:15:45.271 [JettyServerThreadPool-34] INFO  dat.config.ApplicationConfig - Request #2 - POST /api/auth/login/ handled with status 200 OK
13:15:50.091 [JettyServerThreadPool-24] INFO  d.s.controllers.SecurityController - User verified: UserDTO(username=user, password=null, roles=[user])
13:15:50.325 [JettyServerThreadPool-24] INFO  dat.config.ApplicationConfig - Request #3 - GET /api/trips handled with status 200 OK
13:15:50.325 [JettyServerThreadPool-24] INFO  dat.config.ApplicationConfig - Request #4 - GET /api/trips handled with status 200 OK
13:16:04.311 [JettyServerThreadPool-25] INFO  dat.config.ApplicationConfig - Request #5 - GET /api/trips/4 handled with status 200 OK
13:16:04.311 [JettyServerThreadPool-25] INFO  dat.config.ApplicationConfig - Request #6 - GET /api/trips/4 handled with status 200 OK
13:16:32.268 [JettyServerThreadPool-26] INFO  dat.config.ApplicationConfig - Request #7 - GET /api/trips/packinglist/lake handled with status 200 OK
13:16:32.268 [JettyServerThreadPool-26] INFO  dat.config.ApplicationConfig - Request #8 - GET /api/trips/packinglist/lake handled with status 200 OK
13:17:03.857 [main] INFO  dat.config.ApplicationConfig - Server started on port: 7071
13:17:08.533 [JettyServerThreadPool-34] INFO  dat.config.ApplicationConfig - Request #1 - GET /api/trips/3 handled with status 200 OK
13:17:08.534 [JettyServerThreadPool-34] INFO  dat.config.ApplicationConfig - Request #2 - GET /api/trips/3 handled with status 200 OK
13:19:01.108 [main] INFO  dat.config.ApplicationConfig - Server started on port: 7071
13:19:04.299 [JettyServerThreadPool-34] INFO  dat.config.ApplicationConfig - Request #1 - GET /api/trips/3 handled with status 200 OK
13:19:04.299 [JettyServerThreadPool-34] INFO  dat.config.ApplicationConfig - Request #2 - GET /api/trips/3 handled with status 200 OK
13:19:45.162 [main] INFO  dat.config.ApplicationConfig - Server started on port: 7071
13:19:46.501 [JettyServerThreadPool-34] INFO  dat.config.ApplicationConfig - Request #1 - PUT /api/trips/3 handled with status 200 OK
13:19:46.502 [JettyServerThreadPool-34] INFO  dat.config.ApplicationConfig - Request #2 - PUT /api/trips/3 handled with status 200 OK
13:20:50.404 [main] INFO  dat.config.ApplicationConfig - Server started on port: 7071
13:20:56.600 [JettyServerThreadPool-34] INFO  dat.config.ApplicationConfig - Request #1 - GET /api/trips/packinglist/lake handled with status 200 OK
13:20:56.601 [JettyServerThreadPool-34] INFO  dat.config.ApplicationConfig - Request #2 - GET /api/trips/packinglist/lake handled with status 200 OK
13:21:09.048 [JettyServerThreadPool-24] INFO  dat.config.ApplicationConfig - Request #3 - GET /api/trips/3 handled with status 200 OK
13:21:09.049 [JettyServerThreadPool-24] INFO  dat.config.ApplicationConfig - Request #4 - GET /api/trips/3 handled with status 200 OK
13:21:32.739 [JettyServerThreadPool-25] INFO  dat.config.ApplicationConfig - Request #5 - GET /api/trips/packinglist/lake handled with status 200 OK
13:21:32.739 [JettyServerThreadPool-25] INFO  dat.config.ApplicationConfig - Request #6 - GET /api/trips/packinglist/lake handled with status 200 OK
13:22:07.237 [main] INFO  dat.config.ApplicationConfig - Server started on port: 7071
13:22:13.168 [JettyServerThreadPool-34] INFO  dat.config.ApplicationConfig - Request #1 - GET /api/trips/3 handled with status 200 OK
13:22:13.168 [JettyServerThreadPool-34] INFO  dat.config.ApplicationConfig - Request #2 - GET /api/trips/3 handled with status 200 OK
13:23:50.463 [main] INFO  dat.config.ApplicationConfig - Server started on port: 7071
13:23:56.028 [JettyServerThreadPool-34] INFO  dat.config.ApplicationConfig - Request #1 - GET /api/trips/category/CITY handled with status 200 OK
13:23:56.029 [JettyServerThreadPool-34] INFO  dat.config.ApplicationConfig - Request #2 - GET /api/trips/category/CITY handled with status 200 OK
13:23:58.240 [JettyServerThreadPool-24] INFO  dat.config.ApplicationConfig - Request #3 - GET /api/trips/3 handled with status 200 OK
13:23:58.240 [JettyServerThreadPool-24] INFO  dat.config.ApplicationConfig - Request #4 - GET /api/trips/3 handled with status 200 OK
13:24:59.929 [main] INFO  dat.config.ApplicationConfig - Server started on port: 7071
13:25:03.828 [JettyServerThreadPool-34] INFO  dat.config.ApplicationConfig - Request #1 - GET /api/trips/3 handled with status 200 OK
13:25:03.829 [JettyServerThreadPool-34] INFO  dat.config.ApplicationConfig - Request #2 - GET /api/trips/3 handled with status 200 OK
13:26:13.841 [main] INFO  dat.config.ApplicationConfig - Server started on port: 7071
13:26:14.805 [JettyServerThreadPool-34] INFO  dat.config.ApplicationConfig - Request #1 - GET /api/trips/packinglist/lake handled with status 200 OK
13:26:14.806 [JettyServerThreadPool-34] INFO  dat.config.ApplicationConfig - Request #2 - GET /api/trips/packinglist/lake handled with status 200 OK
13:26:29.090 [JettyServerThreadPool-24] INFO  dat.config.ApplicationConfig - Request #3 - GET /api/trips/3 handled with status 200 OK
13:26:29.090 [JettyServerThreadPool-24] INFO  dat.config.ApplicationConfig - Request #4 - GET /api/trips/3 handled with status 200 OK
13:27:19.084 [JettyServerThreadPool-25] INFO  dat.config.ApplicationConfig - Request #5 - GET /api/trips/packinglist/lake handled with status 200 OK
13:27:19.085 [JettyServerThreadPool-25] INFO  dat.config.ApplicationConfig - Request #6 - GET /api/trips/packinglist/lake handled with status 200 OK
13:28:33.448 [main] INFO  dat.config.ApplicationConfig - Server started on port: 7071
13:28:41.431 [JettyServerThreadPool-34] INFO  dat.config.ApplicationConfig - Request #1 - GET /api/trips/3 handled with status 200 OK
13:28:41.432 [JettyServerThreadPool-34] INFO  dat.config.ApplicationConfig - Request #2 - GET /api/trips/3 handled with status 200 OK
13:29:14.742 [main] INFO  dat.config.ApplicationConfig - Server started on port: 7071
13:29:16.102 [JettyServerThreadPool-34] INFO  dat.config.ApplicationConfig - Request #1 - GET /api/trips/3 handled with status 200 OK
13:29:16.103 [JettyServerThreadPool-34] INFO  dat.config.ApplicationConfig - Request #2 - GET /api/trips/3 handled with status 200 OK
13:30:17.327 [main] INFO  dat.config.ApplicationConfig - Server started on port: 7071
13:30:23.150 [JettyServerThreadPool-36] INFO  dat.config.ApplicationConfig - Request #1 - GET /api/ handled with status 404 Not Found
13:30:23.153 [JettyServerThreadPool-36] INFO  dat.config.ApplicationConfig - Request #2 - GET /api/ handled with status 404 Not Found
13:31:18.552 [main] INFO  dat.config.ApplicationConfig - Server started on port: 7071
13:31:20.164 [JettyServerThreadPool-36] INFO  dat.config.ApplicationConfig - Request #1 - GET /api/trips/packinglist/lake handled with status 200 OK
13:31:20.167 [JettyServerThreadPool-36] INFO  dat.config.ApplicationConfig - Request #2 - GET /api/trips/packinglist/lake handled with status 200 OK
13:31:28.160 [main] INFO  dat.config.ApplicationConfig - Server started on port: 7071
13:31:28.898 [JettyServerThreadPool-36] INFO  dat.config.ApplicationConfig - Request #1 - GET /api/trips/3 handled with status 200 OK
13:31:28.899 [JettyServerThreadPool-36] INFO  dat.config.ApplicationConfig - Request #2 - GET /api/trips/3 handled with status 200 OK
13:31:29.999 [JettyServerThreadPool-26] INFO  dat.config.ApplicationConfig - Request #3 - GET /api/trips/packinglist/lake handled with status 200 OK
13:31:29.999 [JettyServerThreadPool-26] INFO  dat.config.ApplicationConfig - Request #4 - GET /api/trips/packinglist/lake handled with status 200 OK
13:31:33.488 [JettyServerThreadPool-27] INFO  dat.config.ApplicationConfig - Request #5 - GET /api/trips/packinglist/LAKE handled with status 200 OK
13:31:33.488 [JettyServerThreadPool-27] INFO  dat.config.ApplicationConfig - Request #6 - GET /api/trips/packinglist/LAKE handled with status 200 OK
13:31:56.251 [main] INFO  dat.config.ApplicationConfig - Server started on port: 7071
13:32:04.011 [JettyServerThreadPool-34] INFO  dat.config.ApplicationConfig - Request #1 - GET /api/trips/3 handled with status 200 OK
13:32:04.011 [JettyServerThreadPool-34] INFO  dat.config.ApplicationConfig - Request #2 - GET /api/trips/3 handled with status 200 OK
13:32:42.727 [JettyServerThreadPool-24] INFO  d.s.controllers.SecurityController - User verified: UserDTO(username=user, password=null, roles=[user])
13:32:42.923 [JettyServerThreadPool-24] INFO  dat.config.ApplicationConfig - Request #3 - GET /api/trips handled with status 200 OK
13:32:42.923 [JettyServerThreadPool-24] INFO  dat.config.ApplicationConfig - Request #4 - GET /api/trips handled with status 200 OK
13:32:56.994 [JettyServerThreadPool-25] INFO  dat.config.ApplicationConfig - Request #5 - GET /api/trips/10 handled with status 200 OK
13:32:56.994 [JettyServerThreadPool-25] INFO  dat.config.ApplicationConfig - Request #6 - GET /api/trips/10 handled with status 200 OK
13:34:56.948 [main] INFO  dat.config.ApplicationConfig - Server started on port: 7071
13:34:58.618 [JettyServerThreadPool-34] INFO  dat.config.ApplicationConfig - Request #1 - GET /api/trips/100 handled with status 200 OK
13:34:58.619 [JettyServerThreadPool-34] INFO  dat.config.ApplicationConfig - Request #2 - GET /api/trips/100 handled with status 200 OK
