00:21:44.141 [main] INFO  dat.config.ApplicationConfig - Server started on port: 7070
00:31:55.338 [main] INFO  dat.config.ApplicationConfig - Server started on port: 7070
00:31:56.177 [JettyServerThreadPool-44] INFO  d.s.controllers.SecurityController - User verified: UserDTO(username=admintest, password=null, roles=[ADMIN])
00:31:56.366 [JettyServerThreadPool-44] INFO  dat.config.ApplicationConfig - Request #1 - DELETE /api/example/1 handled with status 200 OK
00:31:56.366 [JettyServerThreadPool-44] INFO  dat.config.ApplicationConfig - Request #2 - DELETE /api/example/1 handled with status 200 OK
00:33:02.819 [main] INFO  dat.config.ApplicationConfig - Server started on port: 7070
00:33:03.626 [JettyServerThreadPool-44] INFO  d.s.controllers.SecurityController - User verified: UserDTO(username=admintest, password=null, roles=[ADMIN])
00:33:03.802 [JettyServerThreadPool-44] INFO  dat.config.ApplicationConfig - Request #1 - DELETE /api/example/1 handled with status 200 OK
00:33:03.802 [JettyServerThreadPool-44] INFO  dat.config.ApplicationConfig - Request #2 - DELETE /api/example/1 handled with status 200 OK
00:34:21.359 [main] INFO  dat.config.ApplicationConfig - Server started on port: 7070
00:34:22.151 [JettyServerThreadPool-44] INFO  d.s.controllers.SecurityController - User verified: UserDTO(username=admintest, password=null, roles=[ADMIN])
00:34:22.320 [JettyServerThreadPool-44] INFO  dat.config.ApplicationConfig - Request #1 - DELETE /api/example/1 handled with status 200 OK
00:34:22.320 [JettyServerThreadPool-44] INFO  dat.config.ApplicationConfig - Request #2 - DELETE /api/example/1 handled with status 200 OK
00:34:22.445 [JettyServerThreadPool-33] INFO  dat.config.ApplicationConfig - Request #3 - GET /api/example/1 handled with status 400 Bad Request
00:34:22.445 [JettyServerThreadPool-33] INFO  dat.config.ApplicationConfig - Request #4 - GET /api/example/1 handled with status 400 Bad Request
00:36:00.476 [main] INFO  dat.config.ApplicationConfig - Server started on port: 7070
00:36:01.257 [JettyServerThreadPool-44] INFO  d.s.controllers.SecurityController - User verified: UserDTO(username=admintest, password=null, roles=[ADMIN])
00:36:01.430 [JettyServerThreadPool-44] INFO  dat.config.ApplicationConfig - Request #1 - DELETE /api/example/1 handled with status 200 OK
00:36:01.430 [JettyServerThreadPool-44] INFO  dat.config.ApplicationConfig - Request #2 - DELETE /api/example/1 handled with status 200 OK
00:36:01.458 [JettyServerThreadPool-33] INFO  d.s.controllers.SecurityController - User verified: UserDTO(username=usertest, password=null, roles=[USER])
00:36:01.542 [JettyServerThreadPool-33] INFO  dat.config.ApplicationConfig - Request #3 - DELETE /api/example/1 handled with status 400 Bad Request
00:36:01.542 [JettyServerThreadPool-33] INFO  dat.config.ApplicationConfig - Request #4 - DELETE /api/example/1 handled with status 400 Bad Request
00:42:49.200 [main] INFO  dat.config.ApplicationConfig - Server started on port: 7070
00:42:49.974 [JettyServerThreadPool-44] INFO  d.s.controllers.SecurityController - User verified: UserDTO(username=admintest, password=null, roles=[ADMIN])
00:42:50.140 [JettyServerThreadPool-44] INFO  dat.config.ApplicationConfig - Request #1 - DELETE /api/example/1 handled with status 200 OK
00:42:50.140 [JettyServerThreadPool-44] INFO  dat.config.ApplicationConfig - Request #2 - DELETE /api/example/1 handled with status 200 OK
00:42:50.252 [JettyServerThreadPool-33] INFO  dat.config.ApplicationConfig - Request #3 - GET /api/example/1 handled with status 400 Bad Request
00:42:50.252 [JettyServerThreadPool-33] INFO  dat.config.ApplicationConfig - Request #4 - GET /api/example/1 handled with status 400 Bad Request
00:42:57.131 [main] INFO  dat.config.ApplicationConfig - Server started on port: 7070
00:42:58.103 [JettyServerThreadPool-44] INFO  d.s.controllers.SecurityController - User verified: UserDTO(username=admintest, password=null, roles=[ADMIN])
00:42:58.105 [JettyServerThreadPool-44] INFO  dat.config.ApplicationConfig - Request #1 - PUT /api/example/1 handled with status 401 Unauthorized
00:42:58.105 [JettyServerThreadPool-44] INFO  dat.config.ApplicationConfig - Request #2 - PUT /api/example/1 handled with status 401 Unauthorized
00:43:51.687 [main] INFO  dat.config.ApplicationConfig - Server started on port: 7070
00:43:52.479 [JettyServerThreadPool-44] ERROR dat.controllers.ExceptionController - null 200 failed to lazily initialize a collection of role: dat.entities.ExampleEntity.foobars: could not initialize proxy - no Session
00:43:52.632 [JettyServerThreadPool-44] INFO  dat.config.ApplicationConfig - Request #1 - GET /api/example/1 handled with status 500 Server Error
00:43:52.633 [JettyServerThreadPool-44] INFO  dat.config.ApplicationConfig - Request #2 - GET /api/example/1 handled with status 500 Server Error
00:44:36.830 [main] INFO  dat.config.ApplicationConfig - Server started on port: 7070
00:44:37.617 [JettyServerThreadPool-44] ERROR dat.controllers.ExceptionController - null 200 failed to lazily initialize a collection of role: dat.entities.ExampleEntity.foobars: could not initialize proxy - no Session
00:44:37.769 [JettyServerThreadPool-44] INFO  dat.config.ApplicationConfig - Request #1 - GET /api/example/1 handled with status 500 Server Error
00:44:37.769 [JettyServerThreadPool-44] INFO  dat.config.ApplicationConfig - Request #2 - GET /api/example/1 handled with status 500 Server Error
01:17:32.346 [main] INFO  dat.config.ApplicationConfig - Server started on port: 7070
01:17:33.434 [JettyServerThreadPool-44] INFO  d.s.controllers.SecurityController - User verified: UserDTO(username=admintest, password=null, roles=[ADMIN])
01:17:33.679 [JettyServerThreadPool-44] INFO  dat.config.ApplicationConfig - Request #1 - DELETE /api/example/1 handled with status 200 OK
01:17:33.679 [JettyServerThreadPool-44] INFO  dat.config.ApplicationConfig - Request #2 - DELETE /api/example/1 handled with status 200 OK
01:17:33.717 [JettyServerThreadPool-33] INFO  d.s.controllers.SecurityController - User verified: UserDTO(username=usertest, password=null, roles=[USER])
01:17:33.821 [JettyServerThreadPool-33] INFO  dat.config.ApplicationConfig - Request #3 - GET /api/example/1 handled with status 400 Bad Request
01:17:33.822 [JettyServerThreadPool-33] INFO  dat.config.ApplicationConfig - Request #4 - GET /api/example/1 handled with status 400 Bad Request
01:21:27.200 [main] INFO  dat.config.ApplicationConfig - Server started on port: 7070
01:22:02.873 [main] INFO  dat.config.ApplicationConfig - Server started on port: 7070
01:22:03.966 [JettyServerThreadPool-44] INFO  d.s.controllers.SecurityController - User verified: UserDTO(username=admintest, password=null, roles=[ADMIN])
01:22:04.212 [JettyServerThreadPool-44] INFO  dat.config.ApplicationConfig - Request #1 - DELETE /api/example/1 handled with status 200 OK
01:22:04.213 [JettyServerThreadPool-44] INFO  dat.config.ApplicationConfig - Request #2 - DELETE /api/example/1 handled with status 200 OK
01:22:04.252 [JettyServerThreadPool-33] INFO  d.s.controllers.SecurityController - User verified: UserDTO(username=usertest, password=null, roles=[USER])
01:22:04.354 [JettyServerThreadPool-33] INFO  dat.config.ApplicationConfig - Request #3 - GET /api/example/1 handled with status 400 Bad Request
01:22:04.355 [JettyServerThreadPool-33] INFO  dat.config.ApplicationConfig - Request #4 - GET /api/example/1 handled with status 400 Bad Request
01:24:14.997 [main] INFO  dat.config.ApplicationConfig - Server started on port: 7070
01:24:16.090 [JettyServerThreadPool-44] INFO  d.s.controllers.SecurityController - User verified: UserDTO(username=admintest, password=null, roles=[ADMIN])
01:24:16.330 [JettyServerThreadPool-44] INFO  dat.config.ApplicationConfig - Request #1 - DELETE /api/example/1 handled with status 200 OK
01:24:16.330 [JettyServerThreadPool-44] INFO  dat.config.ApplicationConfig - Request #2 - DELETE /api/example/1 handled with status 200 OK
01:24:16.367 [JettyServerThreadPool-33] INFO  d.s.controllers.SecurityController - User verified: UserDTO(username=usertest, password=null, roles=[USER])
01:24:16.467 [JettyServerThreadPool-33] INFO  dat.config.ApplicationConfig - Request #3 - GET /api/example/1 handled with status 400 Bad Request
01:24:16.468 [JettyServerThreadPool-33] INFO  dat.config.ApplicationConfig - Request #4 - GET /api/example/1 handled with status 400 Bad Request
01:24:17.014 [JettyServerThreadPool-34] INFO  d.s.controllers.SecurityController - User verified: UserDTO(username=admintest, password=null, roles=[ADMIN])
01:24:17.015 [JettyServerThreadPool-34] INFO  dat.config.ApplicationConfig - Request #5 - POST /api/example handled with status 401 Unauthorized
01:24:17.015 [JettyServerThreadPool-34] INFO  dat.config.ApplicationConfig - Request #6 - POST /api/example handled with status 401 Unauthorized
01:24:17.478 [JettyServerThreadPool-35] INFO  d.s.controllers.SecurityController - User verified: UserDTO(username=admintest, password=null, roles=[ADMIN])
01:24:17.512 [JettyServerThreadPool-35] ERROR dat.controllers.ExceptionController - null 200 failed to lazily initialize a collection of role: dat.entities.ExampleEntity.foobars: could not initialize proxy - no Session
01:24:17.512 [JettyServerThreadPool-35] INFO  dat.config.ApplicationConfig - Request #7 - PUT /api/example/5 handled with status 500 Server Error
01:24:17.512 [JettyServerThreadPool-35] INFO  dat.config.ApplicationConfig - Request #8 - PUT /api/example/5 handled with status 500 Server Error
01:24:17.962 [JettyServerThreadPool-36] INFO  d.s.controllers.SecurityController - User verified: UserDTO(username=usertest, password=null, roles=[USER])
01:24:17.999 [JettyServerThreadPool-36] ERROR dat.controllers.ExceptionController - null 200 failed to lazily initialize a collection of role: dat.entities.ExampleEntity.foobars: could not initialize proxy - no Session
01:24:17.999 [JettyServerThreadPool-36] INFO  dat.config.ApplicationConfig - Request #9 - GET /api/example/ handled with status 500 Server Error
01:24:18.000 [JettyServerThreadPool-36] INFO  dat.config.ApplicationConfig - Request #10 - GET /api/example/ handled with status 500 Server Error
01:24:18.438 [JettyServerThreadPool-31] INFO  d.s.controllers.SecurityController - User verified: UserDTO(username=usertest, password=null, roles=[USER])
01:24:18.442 [JettyServerThreadPool-31] ERROR dat.controllers.ExceptionController - null 200 failed to lazily initialize a collection of role: dat.entities.ExampleEntity.foobars: could not initialize proxy - no Session
01:24:18.442 [JettyServerThreadPool-31] INFO  dat.config.ApplicationConfig - Request #11 - GET /api/example/9 handled with status 500 Server Error
01:24:18.442 [JettyServerThreadPool-31] INFO  dat.config.ApplicationConfig - Request #12 - GET /api/example/9 handled with status 500 Server Error
01:26:24.301 [main] INFO  dat.config.ApplicationConfig - Server started on port: 7070
01:26:25.372 [JettyServerThreadPool-44] INFO  d.s.controllers.SecurityController - User verified: UserDTO(username=admintest, password=null, roles=[ADMIN])
01:26:25.610 [JettyServerThreadPool-44] INFO  dat.config.ApplicationConfig - Request #1 - DELETE /api/example/1 handled with status 200 OK
01:26:25.610 [JettyServerThreadPool-44] INFO  dat.config.ApplicationConfig - Request #2 - DELETE /api/example/1 handled with status 200 OK
01:26:25.650 [JettyServerThreadPool-33] INFO  d.s.controllers.SecurityController - User verified: UserDTO(username=usertest, password=null, roles=[USER])
01:26:25.765 [JettyServerThreadPool-33] INFO  dat.config.ApplicationConfig - Request #3 - GET /api/example/1 handled with status 400 Bad Request
01:26:25.765 [JettyServerThreadPool-33] INFO  dat.config.ApplicationConfig - Request #4 - GET /api/example/1 handled with status 400 Bad Request
01:26:26.305 [JettyServerThreadPool-34] INFO  d.s.controllers.SecurityController - User verified: UserDTO(username=admintest, password=null, roles=[ADMIN])
01:26:26.306 [JettyServerThreadPool-34] INFO  dat.config.ApplicationConfig - Request #5 - POST /api/example handled with status 401 Unauthorized
01:26:26.306 [JettyServerThreadPool-34] INFO  dat.config.ApplicationConfig - Request #6 - POST /api/example handled with status 401 Unauthorized
01:26:26.781 [JettyServerThreadPool-35] INFO  d.s.controllers.SecurityController - User verified: UserDTO(username=admintest, password=null, roles=[ADMIN])
01:26:26.815 [JettyServerThreadPool-35] ERROR dat.controllers.ExceptionController - null 200 failed to lazily initialize a collection of role: dat.entities.ExampleEntity.foobars: could not initialize proxy - no Session
01:26:26.815 [JettyServerThreadPool-35] INFO  dat.config.ApplicationConfig - Request #7 - PUT /api/example/5 handled with status 500 Server Error
01:26:26.815 [JettyServerThreadPool-35] INFO  dat.config.ApplicationConfig - Request #8 - PUT /api/example/5 handled with status 500 Server Error
01:26:27.264 [JettyServerThreadPool-36] INFO  d.s.controllers.SecurityController - User verified: UserDTO(username=usertest, password=null, roles=[USER])
01:26:27.300 [JettyServerThreadPool-36] ERROR dat.controllers.ExceptionController - null 200 failed to lazily initialize a collection of role: dat.entities.ExampleEntity.foobars: could not initialize proxy - no Session
01:26:27.301 [JettyServerThreadPool-36] INFO  dat.config.ApplicationConfig - Request #9 - GET /api/example/ handled with status 500 Server Error
01:26:27.301 [JettyServerThreadPool-36] INFO  dat.config.ApplicationConfig - Request #10 - GET /api/example/ handled with status 500 Server Error
01:26:27.743 [JettyServerThreadPool-31] INFO  d.s.controllers.SecurityController - User verified: UserDTO(username=usertest, password=null, roles=[USER])
01:26:27.747 [JettyServerThreadPool-31] ERROR dat.controllers.ExceptionController - null 200 failed to lazily initialize a collection of role: dat.entities.ExampleEntity.foobars: could not initialize proxy - no Session
01:26:27.747 [JettyServerThreadPool-31] INFO  dat.config.ApplicationConfig - Request #11 - GET /api/example/9 handled with status 500 Server Error
01:26:27.747 [JettyServerThreadPool-31] INFO  dat.config.ApplicationConfig - Request #12 - GET /api/example/9 handled with status 500 Server Error
07:50:47.871 [main] INFO  dat.config.ApplicationConfig - Server started on port: 7070
07:50:48.952 [JettyServerThreadPool-44] INFO  d.s.controllers.SecurityController - User verified: UserDTO(username=admintest, password=null, roles=[ADMIN])
07:50:49.197 [JettyServerThreadPool-44] INFO  dat.config.ApplicationConfig - Request #1 - DELETE /api/example/1 handled with status 200 OK
07:50:49.197 [JettyServerThreadPool-44] INFO  dat.config.ApplicationConfig - Request #2 - DELETE /api/example/1 handled with status 200 OK
07:50:49.236 [JettyServerThreadPool-33] INFO  d.s.controllers.SecurityController - User verified: UserDTO(username=usertest, password=null, roles=[USER])
07:50:49.350 [JettyServerThreadPool-33] INFO  dat.config.ApplicationConfig - Request #3 - GET /api/example/1 handled with status 400 Bad Request
07:50:49.351 [JettyServerThreadPool-33] INFO  dat.config.ApplicationConfig - Request #4 - GET /api/example/1 handled with status 400 Bad Request
07:50:49.890 [JettyServerThreadPool-34] INFO  d.s.controllers.SecurityController - User verified: UserDTO(username=admintest, password=null, roles=[ADMIN])
07:50:49.891 [JettyServerThreadPool-34] INFO  dat.config.ApplicationConfig - Request #5 - POST /api/example handled with status 401 Unauthorized
07:50:49.891 [JettyServerThreadPool-34] INFO  dat.config.ApplicationConfig - Request #6 - POST /api/example handled with status 401 Unauthorized
07:50:50.372 [JettyServerThreadPool-35] INFO  d.s.controllers.SecurityController - User verified: UserDTO(username=admintest, password=null, roles=[ADMIN])
07:50:50.406 [JettyServerThreadPool-35] ERROR dat.controllers.ExceptionController - null 200 failed to lazily initialize a collection of role: dat.entities.ExampleEntity.foobars: could not initialize proxy - no Session
07:50:50.407 [JettyServerThreadPool-35] INFO  dat.config.ApplicationConfig - Request #7 - PUT /api/example/5 handled with status 500 Server Error
07:50:50.407 [JettyServerThreadPool-35] INFO  dat.config.ApplicationConfig - Request #8 - PUT /api/example/5 handled with status 500 Server Error
07:50:50.857 [JettyServerThreadPool-36] INFO  d.s.controllers.SecurityController - User verified: UserDTO(username=usertest, password=null, roles=[USER])
07:50:50.896 [JettyServerThreadPool-36] ERROR dat.controllers.ExceptionController - null 200 failed to lazily initialize a collection of role: dat.entities.ExampleEntity.foobars: could not initialize proxy - no Session
07:50:50.896 [JettyServerThreadPool-36] INFO  dat.config.ApplicationConfig - Request #9 - GET /api/example/ handled with status 500 Server Error
07:50:50.896 [JettyServerThreadPool-36] INFO  dat.config.ApplicationConfig - Request #10 - GET /api/example/ handled with status 500 Server Error
07:50:51.335 [JettyServerThreadPool-31] INFO  d.s.controllers.SecurityController - User verified: UserDTO(username=usertest, password=null, roles=[USER])
07:50:51.339 [JettyServerThreadPool-31] ERROR dat.controllers.ExceptionController - null 200 failed to lazily initialize a collection of role: dat.entities.ExampleEntity.foobars: could not initialize proxy - no Session
07:50:51.339 [JettyServerThreadPool-31] INFO  dat.config.ApplicationConfig - Request #11 - GET /api/example/9 handled with status 500 Server Error
07:50:51.339 [JettyServerThreadPool-31] INFO  dat.config.ApplicationConfig - Request #12 - GET /api/example/9 handled with status 500 Server Error
07:53:06.648 [main] INFO  dat.config.ApplicationConfig - Server started on port: 7070
07:53:07.718 [JettyServerThreadPool-44] INFO  d.s.controllers.SecurityController - User verified: UserDTO(username=admintest, password=null, roles=[ADMIN])
07:53:07.947 [JettyServerThreadPool-44] INFO  dat.config.ApplicationConfig - Request #1 - DELETE /api/example/1 handled with status 200 OK
07:53:07.947 [JettyServerThreadPool-44] INFO  dat.config.ApplicationConfig - Request #2 - DELETE /api/example/1 handled with status 200 OK
07:53:07.995 [JettyServerThreadPool-33] INFO  d.s.controllers.SecurityController - User verified: UserDTO(username=usertest, password=null, roles=[USER])
07:53:08.105 [JettyServerThreadPool-33] INFO  dat.config.ApplicationConfig - Request #3 - GET /api/example/1 handled with status 400 Bad Request
07:53:08.106 [JettyServerThreadPool-33] INFO  dat.config.ApplicationConfig - Request #4 - GET /api/example/1 handled with status 400 Bad Request
07:53:08.649 [JettyServerThreadPool-34] INFO  d.s.controllers.SecurityController - User verified: UserDTO(username=admintest, password=null, roles=[ADMIN])
07:53:08.673 [JettyServerThreadPool-34] INFO  dat.config.ApplicationConfig - Request #5 - POST /api/example handled with status 201 Created
07:53:08.673 [JettyServerThreadPool-34] INFO  dat.config.ApplicationConfig - Request #6 - POST /api/example handled with status 201 Created
07:53:09.149 [JettyServerThreadPool-35] INFO  d.s.controllers.SecurityController - User verified: UserDTO(username=admintest, password=null, roles=[ADMIN])
07:53:09.157 [JettyServerThreadPool-35] ERROR dat.controllers.ExceptionController - null 200 failed to lazily initialize a collection of role: dat.entities.ExampleEntity.foobars: could not initialize proxy - no Session
07:53:09.158 [JettyServerThreadPool-35] INFO  dat.config.ApplicationConfig - Request #7 - PUT /api/example/6 handled with status 500 Server Error
07:53:09.158 [JettyServerThreadPool-35] INFO  dat.config.ApplicationConfig - Request #8 - PUT /api/example/6 handled with status 500 Server Error
07:53:09.621 [JettyServerThreadPool-36] INFO  d.s.controllers.SecurityController - User verified: UserDTO(username=usertest, password=null, roles=[USER])
07:53:09.662 [JettyServerThreadPool-36] ERROR dat.controllers.ExceptionController - null 200 failed to lazily initialize a collection of role: dat.entities.ExampleEntity.foobars: could not initialize proxy - no Session
07:53:09.663 [JettyServerThreadPool-36] INFO  dat.config.ApplicationConfig - Request #9 - GET /api/example/ handled with status 500 Server Error
07:53:09.663 [JettyServerThreadPool-36] INFO  dat.config.ApplicationConfig - Request #10 - GET /api/example/ handled with status 500 Server Error
07:53:10.103 [JettyServerThreadPool-31] INFO  d.s.controllers.SecurityController - User verified: UserDTO(username=usertest, password=null, roles=[USER])
07:53:10.108 [JettyServerThreadPool-31] ERROR dat.controllers.ExceptionController - null 200 failed to lazily initialize a collection of role: dat.entities.ExampleEntity.foobars: could not initialize proxy - no Session
07:53:10.108 [JettyServerThreadPool-31] INFO  dat.config.ApplicationConfig - Request #11 - GET /api/example/10 handled with status 500 Server Error
07:53:10.108 [JettyServerThreadPool-31] INFO  dat.config.ApplicationConfig - Request #12 - GET /api/example/10 handled with status 500 Server Error
07:55:15.690 [main] INFO  dat.config.ApplicationConfig - Server started on port: 7070
07:55:16.782 [JettyServerThreadPool-44] INFO  d.s.controllers.SecurityController - User verified: UserDTO(username=admintest, password=null, roles=[ADMIN])
07:55:17.031 [JettyServerThreadPool-44] INFO  dat.config.ApplicationConfig - Request #1 - DELETE /api/example/1 handled with status 200 OK
07:55:17.032 [JettyServerThreadPool-44] INFO  dat.config.ApplicationConfig - Request #2 - DELETE /api/example/1 handled with status 200 OK
07:55:17.069 [JettyServerThreadPool-33] INFO  d.s.controllers.SecurityController - User verified: UserDTO(username=usertest, password=null, roles=[USER])
07:55:17.169 [JettyServerThreadPool-33] INFO  dat.config.ApplicationConfig - Request #3 - GET /api/example/1 handled with status 400 Bad Request
07:55:17.169 [JettyServerThreadPool-33] INFO  dat.config.ApplicationConfig - Request #4 - GET /api/example/1 handled with status 400 Bad Request
07:55:17.710 [JettyServerThreadPool-34] INFO  d.s.controllers.SecurityController - User verified: UserDTO(username=admintest, password=null, roles=[ADMIN])
07:55:17.735 [JettyServerThreadPool-34] INFO  dat.config.ApplicationConfig - Request #5 - POST /api/example handled with status 201 Created
07:55:17.735 [JettyServerThreadPool-34] INFO  dat.config.ApplicationConfig - Request #6 - POST /api/example handled with status 201 Created
07:55:18.206 [JettyServerThreadPool-35] INFO  d.s.controllers.SecurityController - User verified: UserDTO(username=admintest, password=null, roles=[ADMIN])
07:55:18.214 [JettyServerThreadPool-35] ERROR dat.controllers.ExceptionController - null 200 failed to lazily initialize a collection of role: dat.entities.ExampleEntity.foobars: could not initialize proxy - no Session
07:55:18.215 [JettyServerThreadPool-35] INFO  dat.config.ApplicationConfig - Request #7 - PUT /api/example/6 handled with status 500 Server Error
07:55:18.215 [JettyServerThreadPool-35] INFO  dat.config.ApplicationConfig - Request #8 - PUT /api/example/6 handled with status 500 Server Error
07:55:18.672 [JettyServerThreadPool-36] INFO  d.s.controllers.SecurityController - User verified: UserDTO(username=usertest, password=null, roles=[USER])
07:55:18.707 [JettyServerThreadPool-36] ERROR dat.controllers.ExceptionController - null 200 failed to lazily initialize a collection of role: dat.entities.ExampleEntity.foobars: could not initialize proxy - no Session
07:55:18.708 [JettyServerThreadPool-36] INFO  dat.config.ApplicationConfig - Request #9 - GET /api/example/ handled with status 500 Server Error
07:55:18.708 [JettyServerThreadPool-36] INFO  dat.config.ApplicationConfig - Request #10 - GET /api/example/ handled with status 500 Server Error
07:55:19.150 [JettyServerThreadPool-31] INFO  d.s.controllers.SecurityController - User verified: UserDTO(username=usertest, password=null, roles=[USER])
07:55:19.155 [JettyServerThreadPool-31] ERROR dat.controllers.ExceptionController - null 200 failed to lazily initialize a collection of role: dat.entities.ExampleEntity.foobars: could not initialize proxy - no Session
07:55:19.155 [JettyServerThreadPool-31] INFO  dat.config.ApplicationConfig - Request #11 - GET /api/example/10 handled with status 500 Server Error
07:55:19.156 [JettyServerThreadPool-31] INFO  dat.config.ApplicationConfig - Request #12 - GET /api/example/10 handled with status 500 Server Error
07:57:30.739 [main] INFO  dat.config.ApplicationConfig - Server started on port: 7070
07:57:31.837 [JettyServerThreadPool-44] INFO  d.s.controllers.SecurityController - User verified: UserDTO(username=admintest, password=null, roles=[ADMIN])
07:57:32.076 [JettyServerThreadPool-44] INFO  dat.config.ApplicationConfig - Request #1 - DELETE /api/example/1 handled with status 200 OK
07:57:32.076 [JettyServerThreadPool-44] INFO  dat.config.ApplicationConfig - Request #2 - DELETE /api/example/1 handled with status 200 OK
07:57:32.116 [JettyServerThreadPool-33] INFO  d.s.controllers.SecurityController - User verified: UserDTO(username=usertest, password=null, roles=[USER])
07:57:32.229 [JettyServerThreadPool-33] INFO  dat.config.ApplicationConfig - Request #3 - GET /api/example/1 handled with status 400 Bad Request
07:57:32.229 [JettyServerThreadPool-33] INFO  dat.config.ApplicationConfig - Request #4 - GET /api/example/1 handled with status 400 Bad Request
07:57:32.769 [JettyServerThreadPool-34] INFO  d.s.controllers.SecurityController - User verified: UserDTO(username=admintest, password=null, roles=[ADMIN])
07:57:32.795 [JettyServerThreadPool-34] INFO  dat.config.ApplicationConfig - Request #5 - POST /api/example handled with status 201 Created
07:57:32.796 [JettyServerThreadPool-34] INFO  dat.config.ApplicationConfig - Request #6 - POST /api/example handled with status 201 Created
07:57:33.277 [JettyServerThreadPool-35] INFO  d.s.controllers.SecurityController - User verified: UserDTO(username=admintest, password=null, roles=[ADMIN])
07:57:33.285 [JettyServerThreadPool-35] INFO  dat.config.ApplicationConfig - Request #7 - PUT /api/example/6 handled with status 200 OK
07:57:33.286 [JettyServerThreadPool-35] INFO  dat.config.ApplicationConfig - Request #8 - PUT /api/example/6 handled with status 200 OK
07:57:33.744 [JettyServerThreadPool-36] INFO  d.s.controllers.SecurityController - User verified: UserDTO(username=usertest, password=null, roles=[USER])
07:57:33.788 [JettyServerThreadPool-36] INFO  dat.config.ApplicationConfig - Request #9 - GET /api/example/ handled with status 200 OK
07:57:33.788 [JettyServerThreadPool-36] INFO  dat.config.ApplicationConfig - Request #10 - GET /api/example/ handled with status 200 OK
07:57:34.502 [JettyServerThreadPool-31] INFO  d.s.controllers.SecurityController - User verified: UserDTO(username=usertest, password=null, roles=[USER])
07:57:34.507 [JettyServerThreadPool-31] INFO  dat.config.ApplicationConfig - Request #11 - GET /api/example/10 handled with status 200 OK
07:57:34.507 [JettyServerThreadPool-31] INFO  dat.config.ApplicationConfig - Request #12 - GET /api/example/10 handled with status 200 OK
08:03:39.496 [main] INFO  dat.config.ApplicationConfig - Server started on port: 7070
08:03:40.581 [JettyServerThreadPool-44] INFO  d.s.controllers.SecurityController - User verified: UserDTO(username=admintest, password=null, roles=[ADMIN])
08:03:40.809 [JettyServerThreadPool-44] INFO  dat.config.ApplicationConfig - Request #1 - DELETE /api/example/1 handled with status 200 OK
08:03:40.809 [JettyServerThreadPool-44] INFO  dat.config.ApplicationConfig - Request #2 - DELETE /api/example/1 handled with status 200 OK
08:03:40.851 [JettyServerThreadPool-33] INFO  d.s.controllers.SecurityController - User verified: UserDTO(username=usertest, password=null, roles=[USER])
08:03:40.965 [JettyServerThreadPool-33] INFO  dat.config.ApplicationConfig - Request #3 - GET /api/example/1 handled with status 400 Bad Request
08:03:40.965 [JettyServerThreadPool-33] INFO  dat.config.ApplicationConfig - Request #4 - GET /api/example/1 handled with status 400 Bad Request
08:03:41.515 [JettyServerThreadPool-34] INFO  d.s.controllers.SecurityController - User verified: UserDTO(username=admintest, password=null, roles=[ADMIN])
08:03:41.540 [JettyServerThreadPool-34] INFO  dat.config.ApplicationConfig - Request #5 - POST /api/example handled with status 201 Created
08:03:41.541 [JettyServerThreadPool-34] INFO  dat.config.ApplicationConfig - Request #6 - POST /api/example handled with status 201 Created
08:03:42.018 [JettyServerThreadPool-35] INFO  d.s.controllers.SecurityController - User verified: UserDTO(username=admintest, password=null, roles=[ADMIN])
08:03:42.029 [JettyServerThreadPool-35] ERROR dat.controllers.ExceptionController - null 200 A collection with cascade="all-delete-orphan" was no longer referenced by the owning entity instance: dat.entities.ExampleEntity.foobars
08:03:42.029 [JettyServerThreadPool-35] INFO  dat.config.ApplicationConfig - Request #7 - PUT /api/example/6 handled with status 500 Server Error
08:03:42.030 [JettyServerThreadPool-35] INFO  dat.config.ApplicationConfig - Request #8 - PUT /api/example/6 handled with status 500 Server Error
08:03:42.490 [JettyServerThreadPool-36] INFO  d.s.controllers.SecurityController - User verified: UserDTO(username=usertest, password=null, roles=[USER])
08:03:42.532 [JettyServerThreadPool-36] INFO  dat.config.ApplicationConfig - Request #9 - GET /api/example/ handled with status 200 OK
08:03:42.533 [JettyServerThreadPool-36] INFO  dat.config.ApplicationConfig - Request #10 - GET /api/example/ handled with status 200 OK
08:03:43.256 [JettyServerThreadPool-31] INFO  d.s.controllers.SecurityController - User verified: UserDTO(username=usertest, password=null, roles=[USER])
08:03:43.262 [JettyServerThreadPool-31] INFO  dat.config.ApplicationConfig - Request #11 - GET /api/example/10 handled with status 200 OK
08:03:43.262 [JettyServerThreadPool-31] INFO  dat.config.ApplicationConfig - Request #12 - GET /api/example/10 handled with status 200 OK
08:04:50.293 [main] INFO  dat.config.ApplicationConfig - Server started on port: 7070
08:04:51.381 [JettyServerThreadPool-44] INFO  d.s.controllers.SecurityController - User verified: UserDTO(username=admintest, password=null, roles=[ADMIN])
08:04:51.647 [JettyServerThreadPool-44] INFO  dat.config.ApplicationConfig - Request #1 - DELETE /api/example/1 handled with status 200 OK
08:04:51.647 [JettyServerThreadPool-44] INFO  dat.config.ApplicationConfig - Request #2 - DELETE /api/example/1 handled with status 200 OK
08:04:51.686 [JettyServerThreadPool-33] INFO  d.s.controllers.SecurityController - User verified: UserDTO(username=usertest, password=null, roles=[USER])
08:04:51.790 [JettyServerThreadPool-33] INFO  dat.config.ApplicationConfig - Request #3 - GET /api/example/1 handled with status 400 Bad Request
08:04:51.791 [JettyServerThreadPool-33] INFO  dat.config.ApplicationConfig - Request #4 - GET /api/example/1 handled with status 400 Bad Request
08:04:52.334 [JettyServerThreadPool-34] INFO  d.s.controllers.SecurityController - User verified: UserDTO(username=admintest, password=null, roles=[ADMIN])
08:04:52.359 [JettyServerThreadPool-34] INFO  dat.config.ApplicationConfig - Request #5 - POST /api/example handled with status 201 Created
08:04:52.359 [JettyServerThreadPool-34] INFO  dat.config.ApplicationConfig - Request #6 - POST /api/example handled with status 201 Created
08:04:52.835 [JettyServerThreadPool-35] INFO  d.s.controllers.SecurityController - User verified: UserDTO(username=admintest, password=null, roles=[ADMIN])
08:04:52.846 [JettyServerThreadPool-35] ERROR dat.controllers.ExceptionController - null 200 A collection with cascade="all-delete-orphan" was no longer referenced by the owning entity instance: dat.entities.ExampleEntity.foobars
08:04:52.847 [JettyServerThreadPool-35] INFO  dat.config.ApplicationConfig - Request #7 - PUT /api/example/6 handled with status 500 Server Error
08:04:52.847 [JettyServerThreadPool-35] INFO  dat.config.ApplicationConfig - Request #8 - PUT /api/example/6 handled with status 500 Server Error
08:04:53.311 [JettyServerThreadPool-36] INFO  d.s.controllers.SecurityController - User verified: UserDTO(username=usertest, password=null, roles=[USER])
08:04:53.354 [JettyServerThreadPool-36] INFO  dat.config.ApplicationConfig - Request #9 - GET /api/example/ handled with status 200 OK
08:04:53.354 [JettyServerThreadPool-36] INFO  dat.config.ApplicationConfig - Request #10 - GET /api/example/ handled with status 200 OK
08:04:54.075 [JettyServerThreadPool-31] INFO  d.s.controllers.SecurityController - User verified: UserDTO(username=usertest, password=null, roles=[USER])
08:04:54.078 [JettyServerThreadPool-31] INFO  dat.config.ApplicationConfig - Request #11 - GET /api/example/10 handled with status 200 OK
08:04:54.078 [JettyServerThreadPool-31] INFO  dat.config.ApplicationConfig - Request #12 - GET /api/example/10 handled with status 200 OK
08:05:04.031 [main] INFO  dat.config.ApplicationConfig - Server started on port: 7070
08:05:05.112 [JettyServerThreadPool-44] INFO  d.s.controllers.SecurityController - User verified: UserDTO(username=admintest, password=null, roles=[ADMIN])
08:05:05.350 [JettyServerThreadPool-44] INFO  dat.config.ApplicationConfig - Request #1 - DELETE /api/example/1 handled with status 200 OK
08:05:05.351 [JettyServerThreadPool-44] INFO  dat.config.ApplicationConfig - Request #2 - DELETE /api/example/1 handled with status 200 OK
08:05:05.388 [JettyServerThreadPool-33] INFO  d.s.controllers.SecurityController - User verified: UserDTO(username=usertest, password=null, roles=[USER])
08:05:05.490 [JettyServerThreadPool-33] INFO  dat.config.ApplicationConfig - Request #3 - GET /api/example/1 handled with status 400 Bad Request
08:05:05.490 [JettyServerThreadPool-33] INFO  dat.config.ApplicationConfig - Request #4 - GET /api/example/1 handled with status 400 Bad Request
08:05:06.026 [JettyServerThreadPool-34] INFO  d.s.controllers.SecurityController - User verified: UserDTO(username=admintest, password=null, roles=[ADMIN])
08:05:06.052 [JettyServerThreadPool-34] INFO  dat.config.ApplicationConfig - Request #5 - POST /api/example handled with status 201 Created
08:05:06.052 [JettyServerThreadPool-34] INFO  dat.config.ApplicationConfig - Request #6 - POST /api/example handled with status 201 Created
08:05:06.530 [JettyServerThreadPool-35] INFO  d.s.controllers.SecurityController - User verified: UserDTO(username=admintest, password=null, roles=[ADMIN])
08:05:06.540 [JettyServerThreadPool-35] ERROR dat.controllers.ExceptionController - null 200 A collection with cascade="all-delete-orphan" was no longer referenced by the owning entity instance: dat.entities.ExampleEntity.foobars
08:05:06.541 [JettyServerThreadPool-35] INFO  dat.config.ApplicationConfig - Request #7 - PUT /api/example/6 handled with status 500 Server Error
08:05:06.541 [JettyServerThreadPool-35] INFO  dat.config.ApplicationConfig - Request #8 - PUT /api/example/6 handled with status 500 Server Error
08:05:07.006 [JettyServerThreadPool-36] INFO  d.s.controllers.SecurityController - User verified: UserDTO(username=usertest, password=null, roles=[USER])
08:05:07.048 [JettyServerThreadPool-36] INFO  dat.config.ApplicationConfig - Request #9 - GET /api/example/ handled with status 200 OK
08:05:07.048 [JettyServerThreadPool-36] INFO  dat.config.ApplicationConfig - Request #10 - GET /api/example/ handled with status 200 OK
08:05:07.748 [JettyServerThreadPool-31] INFO  d.s.controllers.SecurityController - User verified: UserDTO(username=usertest, password=null, roles=[USER])
08:05:07.753 [JettyServerThreadPool-31] INFO  dat.config.ApplicationConfig - Request #11 - GET /api/example/10 handled with status 200 OK
08:05:07.754 [JettyServerThreadPool-31] INFO  dat.config.ApplicationConfig - Request #12 - GET /api/example/10 handled with status 200 OK
08:07:08.743 [main] INFO  dat.config.ApplicationConfig - Server started on port: 7070
08:07:09.830 [JettyServerThreadPool-44] INFO  d.s.controllers.SecurityController - User verified: UserDTO(username=admintest, password=null, roles=[ADMIN])
08:07:10.064 [JettyServerThreadPool-44] INFO  dat.config.ApplicationConfig - Request #1 - DELETE /api/example/1 handled with status 200 OK
08:07:10.064 [JettyServerThreadPool-44] INFO  dat.config.ApplicationConfig - Request #2 - DELETE /api/example/1 handled with status 200 OK
08:07:10.101 [JettyServerThreadPool-33] INFO  d.s.controllers.SecurityController - User verified: UserDTO(username=usertest, password=null, roles=[USER])
08:07:10.210 [JettyServerThreadPool-33] INFO  dat.config.ApplicationConfig - Request #3 - GET /api/example/1 handled with status 400 Bad Request
08:07:10.211 [JettyServerThreadPool-33] INFO  dat.config.ApplicationConfig - Request #4 - GET /api/example/1 handled with status 400 Bad Request
08:07:10.749 [JettyServerThreadPool-34] INFO  d.s.controllers.SecurityController - User verified: UserDTO(username=admintest, password=null, roles=[ADMIN])
08:07:10.777 [JettyServerThreadPool-34] INFO  dat.config.ApplicationConfig - Request #5 - POST /api/example handled with status 201 Created
08:07:10.777 [JettyServerThreadPool-34] INFO  dat.config.ApplicationConfig - Request #6 - POST /api/example handled with status 201 Created
08:07:11.257 [JettyServerThreadPool-35] INFO  d.s.controllers.SecurityController - User verified: UserDTO(username=admintest, password=null, roles=[ADMIN])
08:07:11.275 [JettyServerThreadPool-35] INFO  dat.config.ApplicationConfig - Request #7 - PUT /api/example/6 handled with status 200 OK
08:07:11.275 [JettyServerThreadPool-35] INFO  dat.config.ApplicationConfig - Request #8 - PUT /api/example/6 handled with status 200 OK
08:07:11.724 [JettyServerThreadPool-36] INFO  d.s.controllers.SecurityController - User verified: UserDTO(username=usertest, password=null, roles=[USER])
08:07:11.766 [JettyServerThreadPool-36] INFO  dat.config.ApplicationConfig - Request #9 - GET /api/example/ handled with status 200 OK
08:07:11.767 [JettyServerThreadPool-36] INFO  dat.config.ApplicationConfig - Request #10 - GET /api/example/ handled with status 200 OK
08:07:12.489 [JettyServerThreadPool-31] INFO  d.s.controllers.SecurityController - User verified: UserDTO(username=usertest, password=null, roles=[USER])
08:07:12.494 [JettyServerThreadPool-31] INFO  dat.config.ApplicationConfig - Request #11 - GET /api/example/10 handled with status 200 OK
08:07:12.495 [JettyServerThreadPool-31] INFO  dat.config.ApplicationConfig - Request #12 - GET /api/example/10 handled with status 200 OK
13:31:04.837 [main] INFO  dat.config.ApplicationConfig - Server started on port: 7070
13:31:32.438 [JettyServerThreadPool-33] INFO  dat.config.ApplicationConfig - Request #1 - GET /api/example/populate handled with status 401 Unauthorized
13:31:32.439 [JettyServerThreadPool-33] INFO  dat.config.ApplicationConfig - Request #2 - GET /api/example/populate handled with status 401 Unauthorized
13:32:10.889 [JettyServerThreadPool-23] INFO  dat.config.ApplicationConfig - Request #3 - GET /api/example/populate handled with status 401 Unauthorized
13:32:10.889 [JettyServerThreadPool-23] INFO  dat.config.ApplicationConfig - Request #4 - GET /api/example/populate handled with status 401 Unauthorized
13:32:17.275 [main] INFO  dat.config.ApplicationConfig - Server started on port: 7070
13:33:03.749 [JettyServerThreadPool-33] INFO  dat.config.ApplicationConfig - Request #1 - GET /api/example/populate handled with status 401 Unauthorized
13:33:03.750 [JettyServerThreadPool-33] INFO  dat.config.ApplicationConfig - Request #2 - GET /api/example/populate handled with status 401 Unauthorized
13:33:19.457 [JettyServerThreadPool-22] INFO  dat.config.ApplicationConfig - Request #3 - GET /api/routes handled with status 200 OK
13:33:19.458 [JettyServerThreadPool-22] INFO  dat.config.ApplicationConfig - Request #4 - GET /api/routes handled with status 200 OK
13:34:11.989 [main] INFO  dat.config.ApplicationConfig - Server started on port: 7070
13:34:15.260 [JettyServerThreadPool-33] INFO  dat.config.ApplicationConfig - Request #1 - GET /api/example/populate handled with status 200 OK
13:34:15.261 [JettyServerThreadPool-33] INFO  dat.config.ApplicationConfig - Request #2 - GET /api/example/populate handled with status 200 OK
13:36:49.540 [main] INFO  dat.config.ApplicationConfig - Server started on port: 7070
13:36:55.925 [JettyServerThreadPool-33] INFO  dat.config.ApplicationConfig - Request #1 - GET /api/example/populate handled with status 200 OK
13:36:55.926 [JettyServerThreadPool-33] INFO  dat.config.ApplicationConfig - Request #2 - GET /api/example/populate handled with status 200 OK
13:37:57.273 [main] INFO  dat.config.ApplicationConfig - Server started on port: 7070
13:38:04.451 [JettyServerThreadPool-33] INFO  dat.config.ApplicationConfig - Request #1 - GET /api/example/populate handled with status 200 OK
13:38:04.452 [JettyServerThreadPool-33] INFO  dat.config.ApplicationConfig - Request #2 - GET /api/example/populate handled with status 200 OK
13:38:40.992 [main] INFO  dat.config.ApplicationConfig - Server started on port: 7070
13:38:59.010 [main] INFO  dat.config.ApplicationConfig - Server started on port: 7070
13:39:02.330 [JettyServerThreadPool-33] INFO  dat.config.ApplicationConfig - Request #1 - GET /api/example/populate handled with status 200 OK
13:39:02.331 [JettyServerThreadPool-33] INFO  dat.config.ApplicationConfig - Request #2 - GET /api/example/populate handled with status 200 OK
13:41:38.113 [main] INFO  dat.config.ApplicationConfig - Server started on port: 7070
13:41:39.552 [JettyServerThreadPool-33] INFO  dat.config.ApplicationConfig - Request #1 - GET /api/example/populate handled with status 200 OK
13:41:39.553 [JettyServerThreadPool-33] INFO  dat.config.ApplicationConfig - Request #2 - GET /api/example/populate handled with status 200 OK
13:42:16.588 [main] INFO  dat.config.ApplicationConfig - Server started on port: 7070
13:42:19.525 [JettyServerThreadPool-33] ERROR dat.controllers.ExceptionController - null 200 could not execute statement [ERROR: relation "examples" does not exist
  Position: 56] [/* insert for dat.entities.ExampleEntity */insert into examples (age,name) values (?,?)]
13:42:19.705 [JettyServerThreadPool-33] INFO  dat.config.ApplicationConfig - Request #1 - GET /api/example/populate handled with status 500 Server Error
13:42:19.706 [JettyServerThreadPool-33] INFO  dat.config.ApplicationConfig - Request #2 - GET /api/example/populate handled with status 500 Server Error
13:42:35.724 [JettyServerThreadPool-23] ERROR dat.controllers.ExceptionController - null 200 could not execute statement [ERROR: relation "examples" does not exist
  Position: 56] [/* insert for dat.entities.ExampleEntity */insert into examples (age,name) values (?,?)]
13:42:35.728 [JettyServerThreadPool-23] INFO  dat.config.ApplicationConfig - Request #3 - GET /api/example/populate handled with status 500 Server Error
13:42:35.729 [JettyServerThreadPool-23] INFO  dat.config.ApplicationConfig - Request #4 - GET /api/example/populate handled with status 500 Server Error
13:42:35.745 [JettyServerThreadPool-24] ERROR dat.controllers.ExceptionController - null 200 could not execute statement [ERROR: relation "examples" does not exist
  Position: 56] [/* insert for dat.entities.ExampleEntity */insert into examples (age,name) values (?,?)]
13:42:35.747 [JettyServerThreadPool-24] INFO  dat.config.ApplicationConfig - Request #5 - GET /api/example/populate handled with status 500 Server Error
13:42:35.747 [JettyServerThreadPool-24] INFO  dat.config.ApplicationConfig - Request #6 - GET /api/example/populate handled with status 500 Server Error
13:42:40.543 [main] INFO  dat.config.ApplicationConfig - Server started on port: 7070
13:42:44.120 [JettyServerThreadPool-33] INFO  dat.config.ApplicationConfig - Request #1 - GET /api/example/populate handled with status 200 OK
13:42:44.120 [JettyServerThreadPool-33] INFO  dat.config.ApplicationConfig - Request #2 - GET /api/example/populate handled with status 200 OK
13:51:13.959 [main] INFO  dat.config.ApplicationConfig - Server started on port: 7070
